[03:13:04.668][INFO][CraftTweaker-EarlyInit]: CraftTweaker is running on a Minecraft 1.20.1 production server modded with platform Forge
[03:13:04.702][INFO][CraftTweaker-EarlyInit]: Successfully injected RecipeFS file system
[03:13:04.751][INFO][CraftTweaker-Plugins]: Successfully identified and loaded plugin farmersdelight:crafttweaker_plugin
[03:13:04.799][INFO][CraftTweaker-Plugins]: Successfully identified and loaded plugin crafttweaker:builtin
[03:13:04.803][INFO][CraftTweaker-Plugins]: Successfully identified and loaded plugin crafttweaker:builtin_forge
[03:13:06.147][INFO][CraftTweaker]: The following mods have explicit CraftTweaker support through the default plugin:
[03:13:06.148][INFO][CraftTweaker]: - 'aquaculture' at version '2.5.5'
[03:13:06.153][INFO][CraftTweaker]: - 'crafttweaker' at version '14.0.57'
[03:13:06.153][INFO][CraftTweaker]: - 'farmersdelight' at version '1.20.1-1.2.7'
[03:13:18.236][INFO][CraftTweaker-ZenCode]: Started loading scripts for loader 'initialize'
[03:13:18.797][INFO][CraftTweaker-ZenCode]: Compiling and executing scripts
[03:13:18.829][INFO][CraftTweaker-ZenCode]: Successfully initialized modules [crafttweaker, expansions]
[03:13:18.931][INFO][CraftTweaker-ZenCode]: Execution for loader 'initialize' completed successfully
[03:13:39.433][INFO][CraftTweaker-ZenCode]: Started loading scripts for loader 'tags'
[03:13:39.473][INFO][CraftTweaker-ZenCode]: Compiling and executing scripts
[03:13:39.494][INFO][CraftTweaker-ZenCode]: Successfully initialized modules [crafttweaker, expansions]
[03:13:39.510][INFO][CraftTweaker-ZenCode]: Execution for loader 'tags' completed successfully
[03:13:40.640][INFO][CraftTweaker]: crafttweaker.reload.start
[03:13:40.645][INFO][CraftTweaker-ZenCode]: Started loading scripts for loader 'crafttweaker'
[03:13:40.672][INFO][CraftTweaker-ZenCode]: Compiling and executing scripts
[03:13:41.092][INFO][CraftTweaker-ZenCode]: Successfully initialized modules [mods, crafttweaker, expansions]
[03:13:41.105][INFO][CraftTweaker-ZenCode]: Execution for loader 'crafttweaker' completed successfully
[03:13:41.106][INFO][CraftTweaker]: crafttweaker.reload.complete
